Error: ENOENT: no such file or directory, stat '/home/william/Code/code_reddit/pull/pullpush.py.caff69c454fda7a1de329ee25f17670c.py'
    at statSync (node:fs:1590:3)
    at Object.t.statSync (node:electron/js2c/asar_bundle:2:4510)
    at Object.statSync (/home/william/.vscode/extensions/qiu8310.dot-template-vscode-0.4.0/node_modules/graceful-fs/polyfills.js:308:16)
    at /home/william/.vscode/extensions/qiu8310.dot-template-vscode-0.4.0/node_modules/dot-template-core/out/core/Application.js:94:48
    at Array.forEach (<anonymous>)
    at Application.<anonymous> (/home/william/.vscode/extensions/qiu8310.dot-template-vscode-0.4.0/node_modules/dot-template-core/out/core/Application.js:91:34)
    at step (/home/william/.vscode/extensions/qiu8310.dot-template-vscode-0.4.0/node_modules/dot-template-core/node_modules/tslib/tslib.js:133:27)
    at Object.next (/home/william/.vscode/extensions/qiu8310.dot-template-vscode-0.4.0/node_modules/dot-template-core/node_modules/tslib/tslib.js:114:57)
    at /home/william/.vscode/extensions/qiu8310.dot-template-vscode-0.4.0/node_modules/dot-template-core/node_modules/tslib/tslib.js:107:75
    at new Promise (<anonymous>)
    at Object.__awaiter (/home/william/.vscode/extensions/qiu8310.dot-template-vscode-0.4.0/node_modules/dot-template-core/node_modules/tslib/tslib.js:103:16)
    at run (/home/william/.vscode/extensions/qiu8310.dot-template-vscode-0.4.0/node_modules/dot-template-core/out/core/Application.js:84:48)
    at Application.<anonymous> (/home/william/.vscode/extensions/qiu8310.dot-template-vscode-0.4.0/node_modules/dot-template-core/out/core/Application.js:153:50)
    at step (/home/william/.vscode/extensions/qiu8310.dot-template-vscode-0.4.0/node_modules/dot-template-core/node_modules/tslib/tslib.js:133:27)
    at Object.next (/home/william/.vscode/extensions/qiu8310.dot-template-vscode-0.4.0/node_modules/dot-template-core/node_modules/tslib/tslib.js:114:57)
    at /home/william/.vscode/extensions/qiu8310.dot-template-vscode-0.4.0/node_modules/dot-template-core/node_modules/tslib/tslib.js:107:75
    at new Promise (<anonymous>)
    at Object.__awaiter (/home/william/.vscode/extensions/qiu8310.dot-template-vscode-0.4.0/node_modules/dot-template-core/node_modules/tslib/tslib.js:103:16)
    at Timeout._onTimeout (/home/william/.vscode/extensions/qiu8310.dot-template-vscode-0.4.0/node_modules/dot-template-core/out/core/Application.js:144:59)
    at listOnTimeout (node:internal/timers:559:17)
    at processTimers (node:internal/timers:502:7)